============================================================
Update run started at 2026-07-02 21:00:22
============================================================
Initialising services and connecting to database...
Database connection established.
Fetching influencer list from database...
Found 9881 profile(s) to update.
Processing @deandriani_ ...
  @deandriani_ updated | followers=13 | following=3275 | posts=341 | engagement=0.1%
Processing @glowie_official ...
  @glowie_official updated | followers=2101 | following=0 | posts=293 | engagement=2.55%
Processing @mindful_momentum83 ...
  @mindful_momentum83 updated | followers=128 | following=135 | posts=329 | engagement=2.85%
Processing @greengoddesskitchengarden ...
  @greengoddesskitchengarden updated | followers=115 | following=257 | posts=70 | engagement=9.67%
Processing @fullcircle.living ...
  @fullcircle.living updated | followers=1918 | following=982 | posts=525 | engagement=3.03%
Processing @businessinsiderin ...
  @businessinsiderin updated | followers=12 | following=0 | posts=9832 | engagement=0.12%
Processing @shami_fc_ ...
  @shami_fc_ updated | followers=458 | following=262 | posts=726 | engagement=100.0%
Processing @kottakkal_arya.vaidya.sala ...
  @kottakkal_arya.vaidya.sala updated | followers=175 | following=2 | posts=156 | engagement=5.41%
Processing @pawfection_bykylie ...
  @pawfection_bykylie updated | followers=1608 | following=987 | posts=804 | engagement=2.34%
Processing @pettel.kanazawa ...
  @pettel.kanazawa updated | followers=952 | following=92 | posts=6306 | engagement=1.65%
Processing @mjohnsonillustration ...
  @mjohnsonillustration updated | followers=65 | following=437 | posts=1126 | engagement=0.51%
Processing @isabel.megale ...
  @isabel.megale updated | followers=309 | following=985 | posts=2 | engagement=13.52%
Processing @greek_pepperoni ...
  @greek_pepperoni updated | followers=434 | following=513 | posts=951 | engagement=1.42%
Processing @garryfloyd_artist ...
  @garryfloyd_artist updated | followers=611 | following=97 | posts=1870 | engagement=4.17%
Processing @safaalchami ...
  @safaalchami updated | followers=603 | following=2231 | posts=3790 | engagement=0.19%
Processing @mee_onkarr ...
