============================================================
Update run started at 2026-07-02 22:15:23
============================================================
Initialising services and connecting to database...
Database connection established.
Fetching influencer list from database...
Found 9881 profile(s) to update.
Processing @deandriani_ ...
  @deandriani_ updated | followers=13000 | following=3369 | posts=341 | engagement=0.1%
Processing @glowie_official ...
  @glowie_official updated | followers=2099 | following=0 | posts=293 | engagement=2.56%
Processing @mindful_momentum83 ...
  @mindful_momentum83 updated | followers=128 | following=154 | posts=329 | engagement=2.85%
Processing @greengoddesskitchengarden ...
  @greengoddesskitchengarden updated | followers=115 | following=257 | posts=70 | engagement=9.67%
Processing @fullcircle.living ...
  @fullcircle.living updated | followers=1917 | following=1009 | posts=525 | engagement=3.03%
Processing @businessinsiderin ...
  @businessinsiderin updated | followers=1000000 | following=0 | posts=9832 | engagement=0.12%
Processing @shami_fc_ ...
  @shami_fc_ updated | followers=46000 | following=271 | posts=726 | engagement=100.0%
Processing @kottakkal_arya.vaidya.sala ...
  @kottakkal_arya.vaidya.sala updated | followers=18000 | following=24 | posts=156 | engagement=5.41%
Processing @pawfection_bykylie ...
Stop request received. Aborting remaining profile updates...

============================================================
Update completed in 1m 16s
  Total    : 9881
  Success  : 8
  Failed   : 0
============================================================
